Initializing arrays...
Computing movie rating means...
Computing user rating offsets...
Pass #0...
RMSE(Train) = 0.9164
RMSE(Valid) = 0.9844
Pass #1...
RMSE(Train) = 0.9143
RMSE(Valid) = 0.9842
Pass #2...
RMSE(Train) = 0.9123
RMSE(Valid) = 0.9840
Pass #3...
RMSE(Train) = 0.9085
RMSE(Valid) = 0.9825
Pass #4...
RMSE(Train) = 0.9015
RMSE(Valid) = 0.9788
Pass #5...
RMSE(Train) = 0.8942
RMSE(Valid) = 0.9750
Pass #6...
RMSE(Train) = 0.8893
RMSE(Valid) = 0.9720
Pass #7...
RMSE(Train) = 0.8855
RMSE(Valid) = 0.9695
Pass #8...
RMSE(Train) = 0.8814
RMSE(Valid) = 0.9671
Pass #9...
RMSE(Train) = 0.8767
RMSE(Valid) = 0.9646
Pass #10...
RMSE(Train) = 0.8717
RMSE(Valid) = 0.9622
Pass #11...
RMSE(Train) = 0.8669
RMSE(Valid) = 0.9599
Pass #12...
RMSE(Train) = 0.8620
RMSE(Valid) = 0.9575
Pass #13...
RMSE(Train) = 0.8573
RMSE(Valid) = 0.9553
Pass #14...
RMSE(Train) = 0.8528
RMSE(Valid) = 0.9532
Pass #15...
RMSE(Train) = 0.8486
RMSE(Valid) = 0.9512
Pass #16...
RMSE(Train) = 0.8447
RMSE(Valid) = 0.9493
Pass #17...
RMSE(Train) = 0.8410
RMSE(Valid) = 0.9475
Pass #18...
RMSE(Train) = 0.8374
RMSE(Valid) = 0.9458
Pass #19...
RMSE(Train) = 0.8341
RMSE(Valid) = 0.9442
Pass #20...
RMSE(Train) = 0.8309
RMSE(Valid) = 0.9427
Pass #21...
RMSE(Train) = 0.8278
RMSE(Valid) = 0.9412
Pass #22...
RMSE(Train) = 0.8248
RMSE(Valid) = 0.9398
Pass #23...
RMSE(Train) = 0.8219
RMSE(Valid) = 0.9385
Pass #24...
RMSE(Train) = 0.8191
RMSE(Valid) = 0.9372
Pass #25...
RMSE(Train) = 0.8163
RMSE(Valid) = 0.9359
Pass #26...
RMSE(Train) = 0.8137
RMSE(Valid) = 0.9348
Pass #27...
RMSE(Train) = 0.8111
RMSE(Valid) = 0.9336
Pass #28...
RMSE(Train) = 0.8085
RMSE(Valid) = 0.9325
Pass #29...
RMSE(Train) = 0.8060
RMSE(Valid) = 0.9315
Pass #30...
RMSE(Train) = 0.8036
RMSE(Valid) = 0.9305
Pass #31...
RMSE(Train) = 0.8012
RMSE(Valid) = 0.9296
Pass #32...
RMSE(Train) = 0.7989
RMSE(Valid) = 0.9287
Pass #33...
RMSE(Train) = 0.7966
RMSE(Valid) = 0.9278
Pass #34...
RMSE(Train) = 0.7944
RMSE(Valid) = 0.9270
Pass #35...
RMSE(Train) = 0.7922
RMSE(Valid) = 0.9262
Pass #36...
RMSE(Train) = 0.7900
RMSE(Valid) = 0.9254
Pass #37...
RMSE(Train) = 0.7879
RMSE(Valid) = 0.9247
Pass #38...
RMSE(Train) = 0.7858
RMSE(Valid) = 0.9240
Pass #39...
RMSE(Train) = 0.7838
RMSE(Valid) = 0.9234
Pass #40...
RMSE(Train) = 0.7818
RMSE(Valid) = 0.9227
Pass #41...
RMSE(Train) = 0.7798
RMSE(Valid) = 0.9221
Pass #42...
RMSE(Train) = 0.7778
RMSE(Valid) = 0.9216
Pass #43...
RMSE(Train) = 0.7759
RMSE(Valid) = 0.9211
Pass #44...
RMSE(Train) = 0.7741
RMSE(Valid) = 0.9206
Pass #45...
RMSE(Train) = 0.7722
RMSE(Valid) = 0.9201
Pass #46...
RMSE(Train) = 0.7704
RMSE(Valid) = 0.9196
Pass #47...
RMSE(Train) = 0.7686
RMSE(Valid) = 0.9192
Pass #48...
RMSE(Train) = 0.7669
RMSE(Valid) = 0.9188
Pass #49...
RMSE(Train) = 0.7652
RMSE(Valid) = 0.9184
Pass #50...
RMSE(Train) = 0.7636
RMSE(Valid) = 0.9181
Pass #51...
RMSE(Train) = 0.7619
RMSE(Valid) = 0.9177
Pass #52...
RMSE(Train) = 0.7603
RMSE(Valid) = 0.9174
Pass #53...
RMSE(Train) = 0.7588
RMSE(Valid) = 0.9172
Pass #54...
RMSE(Train) = 0.7573
RMSE(Valid) = 0.9169
Pass #55...
RMSE(Train) = 0.7558
RMSE(Valid) = 0.9166
Pass #56...
RMSE(Train) = 0.7543
RMSE(Valid) = 0.9164
Pass #57...
RMSE(Train) = 0.7529
RMSE(Valid) = 0.9162
Pass #58...
RMSE(Train) = 0.7515
RMSE(Valid) = 0.9160
Pass #59...
RMSE(Train) = 0.7502
RMSE(Valid) = 0.9158
Pass #60...
RMSE(Train) = 0.7488
RMSE(Valid) = 0.9157
Pass #61...
RMSE(Train) = 0.7476
RMSE(Valid) = 0.9155
Pass #62...
RMSE(Train) = 0.7463
RMSE(Valid) = 0.9154
Pass #63...
RMSE(Train) = 0.7451
RMSE(Valid) = 0.9153
Pass #64...
RMSE(Train) = 0.7439
RMSE(Valid) = 0.9152
Pass #65...
RMSE(Train) = 0.7427
RMSE(Valid) = 0.9151
Pass #66...
RMSE(Train) = 0.7416
RMSE(Valid) = 0.9150
Pass #67...
RMSE(Train) = 0.7405
RMSE(Valid) = 0.9150
Pass #68...
RMSE(Train) = 0.7394
RMSE(Valid) = 0.9149
Pass #69...
RMSE(Train) = 0.7384
RMSE(Valid) = 0.9149
Pass #70...
RMSE(Train) = 0.7374
RMSE(Valid) = 0.9149
Pass #71...
RMSE(Train) = 0.7364
RMSE(Valid) = 0.9149
Pass #72...
RMSE(Train) = 0.7354
RMSE(Valid) = 0.9149
Pass #73...
RMSE(Train) = 0.7345
RMSE(Valid) = 0.9149
Pass #74...
RMSE(Train) = 0.7335
RMSE(Valid) = 0.9149
Pass #75...
RMSE(Train) = 0.7326
RMSE(Valid) = 0.9149
Pass #76...
RMSE(Train) = 0.7318
RMSE(Valid) = 0.9149
Pass #77...
RMSE(Train) = 0.7309
RMSE(Valid) = 0.9150
Pass #78...
RMSE(Train) = 0.7301
RMSE(Valid) = 0.9150
Pass #79...
RMSE(Train) = 0.7293
RMSE(Valid) = 0.9151
Pass #80...
RMSE(Train) = 0.7285
RMSE(Valid) = 0.9151
Pass #81...
RMSE(Train) = 0.7277
RMSE(Valid) = 0.9152
Pass #82...
RMSE(Train) = 0.7270
RMSE(Valid) = 0.9152
Pass #83...
RMSE(Train) = 0.7262
RMSE(Valid) = 0.9153
Pass #84...
RMSE(Train) = 0.7255
RMSE(Valid) = 0.9154
