Initializing arrays...
Computing movie rating means...
Computing user rating offsets...
Pass #0...
RMSE(Train) = 0.9178
RMSE(Valid) = 0.9852
Pass #1...
RMSE(Train) = 0.9149
RMSE(Valid) = 0.9847
Pass #2...
RMSE(Train) = 0.9132
RMSE(Valid) = 0.9841
Pass #3...
RMSE(Train) = 0.9086
RMSE(Valid) = 0.9815
Pass #4...
RMSE(Train) = 0.8996
RMSE(Valid) = 0.9769
Pass #5...
RMSE(Train) = 0.8923
RMSE(Valid) = 0.9732
Pass #6...
RMSE(Train) = 0.8876
RMSE(Valid) = 0.9703
Pass #7...
RMSE(Train) = 0.8833
RMSE(Valid) = 0.9677
Pass #8...
RMSE(Train) = 0.8783
RMSE(Valid) = 0.9651
Pass #9...
RMSE(Train) = 0.8729
RMSE(Valid) = 0.9625
Pass #10...
RMSE(Train) = 0.8678
RMSE(Valid) = 0.9600
Pass #11...
RMSE(Train) = 0.8627
RMSE(Valid) = 0.9576
Pass #12...
RMSE(Train) = 0.8578
RMSE(Valid) = 0.9553
Pass #13...
RMSE(Train) = 0.8530
RMSE(Valid) = 0.9531
Pass #14...
RMSE(Train) = 0.8486
RMSE(Valid) = 0.9510
Pass #15...
RMSE(Train) = 0.8445
RMSE(Valid) = 0.9491
Pass #16...
RMSE(Train) = 0.8406
RMSE(Valid) = 0.9473
Pass #17...
RMSE(Train) = 0.8369
RMSE(Valid) = 0.9455
Pass #18...
RMSE(Train) = 0.8333
RMSE(Valid) = 0.9439
Pass #19...
RMSE(Train) = 0.8299
RMSE(Valid) = 0.9423
Pass #20...
RMSE(Train) = 0.8267
RMSE(Valid) = 0.9408
Pass #21...
RMSE(Train) = 0.8235
RMSE(Valid) = 0.9394
Pass #22...
RMSE(Train) = 0.8204
RMSE(Valid) = 0.9380
Pass #23...
RMSE(Train) = 0.8174
RMSE(Valid) = 0.9366
Pass #24...
RMSE(Train) = 0.8145
RMSE(Valid) = 0.9354
Pass #25...
RMSE(Train) = 0.8116
RMSE(Valid) = 0.9341
Pass #26...
RMSE(Train) = 0.8088
RMSE(Valid) = 0.9330
Pass #27...
RMSE(Train) = 0.8060
RMSE(Valid) = 0.9318
Pass #28...
RMSE(Train) = 0.8033
RMSE(Valid) = 0.9308
Pass #29...
RMSE(Train) = 0.8006
RMSE(Valid) = 0.9297
Pass #30...
RMSE(Train) = 0.7980
RMSE(Valid) = 0.9287
Pass #31...
RMSE(Train) = 0.7954
RMSE(Valid) = 0.9278
Pass #32...
RMSE(Train) = 0.7929
RMSE(Valid) = 0.9269
Pass #33...
RMSE(Train) = 0.7904
RMSE(Valid) = 0.9260
Pass #34...
RMSE(Train) = 0.7879
RMSE(Valid) = 0.9251
Pass #35...
RMSE(Train) = 0.7854
RMSE(Valid) = 0.9243
Pass #36...
RMSE(Train) = 0.7829
RMSE(Valid) = 0.9236
Pass #37...
RMSE(Train) = 0.7805
RMSE(Valid) = 0.9228
Pass #38...
RMSE(Train) = 0.7781
RMSE(Valid) = 0.9221
Pass #39...
RMSE(Train) = 0.7757
RMSE(Valid) = 0.9215
Pass #40...
RMSE(Train) = 0.7734
RMSE(Valid) = 0.9208
Pass #41...
RMSE(Train) = 0.7710
RMSE(Valid) = 0.9202
Pass #42...
RMSE(Train) = 0.7687
RMSE(Valid) = 0.9197
Pass #43...
RMSE(Train) = 0.7664
RMSE(Valid) = 0.9191
Pass #44...
RMSE(Train) = 0.7642
RMSE(Valid) = 0.9186
Pass #45...
RMSE(Train) = 0.7619
RMSE(Valid) = 0.9181
Pass #46...
RMSE(Train) = 0.7597
RMSE(Valid) = 0.9176
Pass #47...
RMSE(Train) = 0.7575
RMSE(Valid) = 0.9172
Pass #48...
RMSE(Train) = 0.7553
RMSE(Valid) = 0.9168
Pass #49...
RMSE(Train) = 0.7532
RMSE(Valid) = 0.9164
Pass #50...
RMSE(Train) = 0.7511
RMSE(Valid) = 0.9160
Pass #51...
RMSE(Train) = 0.7490
RMSE(Valid) = 0.9157
Pass #52...
RMSE(Train) = 0.7469
RMSE(Valid) = 0.9154
Pass #53...
RMSE(Train) = 0.7449
RMSE(Valid) = 0.9151
Pass #54...
RMSE(Train) = 0.7429
RMSE(Valid) = 0.9148
Pass #55...
RMSE(Train) = 0.7410
RMSE(Valid) = 0.9146
Pass #56...
RMSE(Train) = 0.7390
RMSE(Valid) = 0.9144
Pass #57...
RMSE(Train) = 0.7372
RMSE(Valid) = 0.9141
Pass #58...
RMSE(Train) = 0.7353
RMSE(Valid) = 0.9140
Pass #59...
RMSE(Train) = 0.7335
RMSE(Valid) = 0.9138
Pass #60...
RMSE(Train) = 0.7317
RMSE(Valid) = 0.9136
Pass #61...
RMSE(Train) = 0.7299
RMSE(Valid) = 0.9135
Pass #62...
RMSE(Train) = 0.7282
RMSE(Valid) = 0.9134
Pass #63...
RMSE(Train) = 0.7265
RMSE(Valid) = 0.9133
Pass #64...
RMSE(Train) = 0.7249
RMSE(Valid) = 0.9132
Pass #65...
RMSE(Train) = 0.7232
RMSE(Valid) = 0.9131
Pass #66...
RMSE(Train) = 0.7217
RMSE(Valid) = 0.9131
Pass #67...
RMSE(Train) = 0.7201
RMSE(Valid) = 0.9130
Pass #68...
RMSE(Train) = 0.7186
RMSE(Valid) = 0.9130
Pass #69...
RMSE(Train) = 0.7171
RMSE(Valid) = 0.9130
Pass #70...
RMSE(Train) = 0.7156
RMSE(Valid) = 0.9129
Pass #71...
RMSE(Train) = 0.7142
RMSE(Valid) = 0.9130
Pass #72...
RMSE(Train) = 0.7128
RMSE(Valid) = 0.9130
Pass #73...
RMSE(Train) = 0.7115
RMSE(Valid) = 0.9130
Pass #74...
RMSE(Train) = 0.7101
RMSE(Valid) = 0.9130
Pass #75...
RMSE(Train) = 0.7088
RMSE(Valid) = 0.9131
Pass #76...
RMSE(Train) = 0.7076
RMSE(Valid) = 0.9131
Pass #77...
RMSE(Train) = 0.7063
RMSE(Valid) = 0.9132
Pass #78...
RMSE(Train) = 0.7051
RMSE(Valid) = 0.9133
Pass #79...
RMSE(Train) = 0.7039
RMSE(Valid) = 0.9133
Pass #80...
RMSE(Train) = 0.7028
RMSE(Valid) = 0.9134
Pass #81...
RMSE(Train) = 0.7016
RMSE(Valid) = 0.9135
Pass #82...
RMSE(Train) = 0.7005
RMSE(Valid) = 0.9136
Pass #83...
RMSE(Train) = 0.6994
RMSE(Valid) = 0.9137
Pass #84...
RMSE(Train) = 0.6984
RMSE(Valid) = 0.9138
